Compiling the C compiler identification source file "CMakeCCompilerId.c" failed.
Compiler: /opt/homebrew/opt/llvm/bin/clang 
Build flags: 
Id flags:  

The output was:
1
ld: library not found for -lSystem
clang-13: error: linker command failed with exit code 1 (use -v to see invocation)


Compiling the CXX compiler identification source file "CMakeCXXCompilerId.cpp" failed.
Compiler: /opt/homebrew/opt/llvm/bin/clang++ 
Build flags: 
Id flags:  

The output was:
1
ld: library not found for -lc++
clang-13: error: linker command failed with exit code 1 (use -v to see invocation)


Detecting C compiler ABI info failed to compile with the following output:
Change Dir: /Users/marco/Programming/c++/grpc/build/CMakeFiles/CMakeTmp

Run Build Command(s):/usr/bin/make -f Makefile cmTC_28b21/fast && /Library/Developer/CommandLineTools/usr/bin/make  -f CMakeFiles/cmTC_28b21.dir/build.make CMakeFiles/cmTC_28b21.dir/build
Building C object CMakeFiles/cmTC_28b21.dir/CMakeCCompilerABI.c.o
/opt/homebrew/opt/llvm/bin/clang   -arch arm64 -isysroot /Library/Developer/CommandLineTools/SDKs/MacOSX11.3.sdk   -v -Wl,-v -MD -MT CMakeFiles/cmTC_28b21.dir/CMakeCCompilerABI.c.o -MF CMakeFiles/cmTC_28b21.dir/CMakeCCompilerABI.c.o.d -o CMakeFiles/cmTC_28b21.dir/CMakeCCompilerABI.c.o -c /Applications/CMake.app/Contents/share/cmake-3.20/Modules/CMakeCCompilerABI.c
Homebrew clang version 13.0.0
Target: arm64-apple-darwin21.1.0
Thread model: posix
InstalledDir: /opt/homebrew/opt/llvm/bin
clang-13: warning: -Wl,-v: 'linker' input unused [-Wunused-command-line-argument]
 (in-process)
 "/opt/homebrew/Cellar/llvm/13.0.0_2/bin/clang-13" -cc1 -triple arm64-apple-macosx11.3.0 -Wundef-prefix=TARGET_OS_ -Werror=undef-prefix -Wdeprecated-objc-isa-usage -Werror=deprecated-objc-isa-usage -emit-obj -mrelax-all --mrelax-relocations -disable-free -disable-llvm-verifier -discard-value-names -main-file-name CMakeCCompilerABI.c -mrelocation-model pic -pic-level 2 -mframe-pointer=non-leaf -fno-rounding-math -munwind-tables -target-sdk-version=11.3 -fcompatibility-qualified-id-block-type-checking -fvisibility-inlines-hidden-static-local-var -target-cpu apple-m1 -target-feature +v8.5a -target-feature +fp-armv8 -target-feature +neon -target-feature +crc -target-feature +crypto -target-feature +dotprod -target-feature +fp16fml -target-feature +ras -target-feature +lse -target-feature +rdm -target-feature +rcpc -target-feature +zcm -target-feature +zcz -target-feature +fullfp16 -target-feature +sha2 -target-feature +aes -target-abi darwinpcs -fallow-half-arguments-and-returns -debugger-tuning=lldb -target-linker-version 711 -v -fcoverage-compilation-dir=/Users/marco/Programming/c++/grpc/build/CMakeFiles/CMakeTmp -resource-dir /opt/homebrew/Cellar/llvm/13.0.0_2/lib/clang/13.0.0 -dependency-file CMakeFiles/cmTC_28b21.dir/CMakeCCompilerABI.c.o.d -MT CMakeFiles/cmTC_28b21.dir/CMakeCCompilerABI.c.o -sys-header-deps -isysroot /Library/Developer/CommandLineTools/SDKs/MacOSX11.3.sdk -internal-isystem /Library/Developer/CommandLineTools/SDKs/MacOSX11.3.sdk/usr/local/include -internal-isystem /opt/homebrew/Cellar/llvm/13.0.0_2/lib/clang/13.0.0/include -internal-externc-isystem /Library/Developer/CommandLineTools/SDKs/MacOSX11.3.sdk/usr/include -fdebug-compilation-dir=/Users/marco/Programming/c++/grpc/build/CMakeFiles/CMakeTmp -ferror-limit 19 -stack-protector 1 -fblocks -fencode-extended-block-signature -fregister-global-dtors-with-atexit -fgnuc-version=4.2.1 -fmax-type-align=16 -D__GCC_HAVE_DWARF2_CFI_ASM=1 -o CMakeFiles/cmTC_28b21.dir/CMakeCCompilerABI.c.o -x c /Applications/CMake.app/Contents/share/cmake-3.20/Modules/CMakeCCompilerABI.c
clang -cc1 version 13.0.0 based upon LLVM 13.0.0 default target arm64-apple-darwin21.1.0
ignoring nonexistent directory "/Library/Developer/CommandLineTools/SDKs/MacOSX11.3.sdk/usr/local/include"
ignoring nonexistent directory "/Library/Developer/CommandLineTools/SDKs/MacOSX11.3.sdk/Library/Frameworks"
#include "..." search starts here:
#include <...> search starts here:
 /opt/homebrew/Cellar/llvm/13.0.0_2/lib/clang/13.0.0/include
 /Library/Developer/CommandLineTools/SDKs/MacOSX11.3.sdk/usr/include
 /Library/Developer/CommandLineTools/SDKs/MacOSX11.3.sdk/System/Library/Frameworks (framework directory)
End of search list.
Linking C executable cmTC_28b21
/Applications/CMake.app/Contents/bin/cmake -E cmake_link_script CMakeFiles/cmTC_28b21.dir/link.txt --verbose=1
/opt/homebrew/opt/llvm/bin/clang  -arch arm64 -isysroot /Library/Developer/CommandLineTools/SDKs/MacOSX11.3.sdk -Wl,-search_paths_first -Wl,-headerpad_max_install_names -L/opt/homebrew/opt/llvm/lib -Wl,-rpath,/opt/homebrew/opt/llvm/lib -v -Wl,-v CMakeFiles/cmTC_28b21.dir/CMakeCCompilerABI.c.o -o cmTC_28b21 
Homebrew clang version 13.0.0
Target: arm64-apple-darwin21.1.0
Thread model: posix
InstalledDir: /opt/homebrew/opt/llvm/bin
 "/usr/bin/ld" -demangle -lto_library /opt/homebrew/Cellar/llvm/13.0.0_2/lib/libLTO.dylib -dynamic -arch arm64 -platform_version macos 11.3.0 11.3 -syslibroot /Library/Developer/CommandLineTools/SDKs/MacOSX12.sdk -o cmTC_28b21 -L/opt/homebrew/opt/llvm/lib -search_paths_first -headerpad_max_install_names -rpath /opt/homebrew/opt/llvm/lib -v CMakeFiles/cmTC_28b21.dir/CMakeCCompilerABI.c.o -lSystem /opt/homebrew/Cellar/llvm/13.0.0_2/lib/clang/13.0.0/lib/darwin/libclang_rt.osx.a
@(#)PROGRAM:ld  PROJECT:ld64-650.9
BUILD 00:19:34 Mar 17 2021
configured to support archs: armv6 armv7 armv7s arm64 arm64e arm64_32 i386 x86_64 x86_64h armv6m armv7k armv7m armv7em
Library search paths:
	/opt/homebrew/opt/llvm/lib
Framework search paths:
ld: library not found for -lSystem
clang-13: error: linker command failed with exit code 1 (use -v to see invocation)
make[1]: *** [cmTC_28b21] Error 1
make: *** [cmTC_28b21/fast] Error 2




Determining if the C compiler works failed with the following output:
Change Dir: /Users/marco/Programming/c++/grpc/build/CMakeFiles/CMakeTmp

Run Build Command(s):/usr/bin/make -f Makefile cmTC_8c3fd/fast && /Library/Developer/CommandLineTools/usr/bin/make  -f CMakeFiles/cmTC_8c3fd.dir/build.make CMakeFiles/cmTC_8c3fd.dir/build
Building C object CMakeFiles/cmTC_8c3fd.dir/testCCompiler.c.o
/opt/homebrew/opt/llvm/bin/clang   -arch arm64 -isysroot /Library/Developer/CommandLineTools/SDKs/MacOSX11.3.sdk -MD -MT CMakeFiles/cmTC_8c3fd.dir/testCCompiler.c.o -MF CMakeFiles/cmTC_8c3fd.dir/testCCompiler.c.o.d -o CMakeFiles/cmTC_8c3fd.dir/testCCompiler.c.o -c /Users/marco/Programming/c++/grpc/build/CMakeFiles/CMakeTmp/testCCompiler.c
Linking C executable cmTC_8c3fd
/Applications/CMake.app/Contents/bin/cmake -E cmake_link_script CMakeFiles/cmTC_8c3fd.dir/link.txt --verbose=1
/opt/homebrew/opt/llvm/bin/clang  -arch arm64 -isysroot /Library/Developer/CommandLineTools/SDKs/MacOSX11.3.sdk -Wl,-search_paths_first -Wl,-headerpad_max_install_names -L/opt/homebrew/opt/llvm/lib -Wl,-rpath,/opt/homebrew/opt/llvm/lib  CMakeFiles/cmTC_8c3fd.dir/testCCompiler.c.o -o cmTC_8c3fd 
ld: library not found for -lSystem
clang-13: error: linker command failed with exit code 1 (use -v to see invocation)
make[1]: *** [cmTC_8c3fd] Error 1
make: *** [cmTC_8c3fd/fast] Error 2



